\BOOKMARK [1][]{section*.2}{\376\377\000\332\000v\000o\000d}{}% 1
\BOOKMARK [1][]{section.3}{\376\377\000C\000o\000-\000w\000o\000r\000k\000i\000n\000g}{}% 2
\BOOKMARK [2][]{subsection.5}{\376\377\000H\000i\000s\000t\000\363\000r\000i\000a\000\040\000c\000o\000-\000w\000o\000r\000k\000i\000n\000g\000u}{section.3}% 3
\BOOKMARK [1][]{section.7}{\376\377\000C\000o\000-\000w\000o\000r\000k\000i\000n\000g\000\040\000a\000p\000l\000i\000k\000\341\000c\000i\000e}{}% 4
\BOOKMARK [2][]{subsection.8}{\376\377\000S\000l\000a\000c\000k}{section.7}% 5
\BOOKMARK [3][]{subsubsection.9}{\376\377\000H\000i\000s\000t\000\363\000r\000i\000a}{subsection.8}% 6
\BOOKMARK [3][]{subsubsection.10}{\376\377\000P\000o\000u\001\176\000\355\000v\000a\000t\000e\001\076\000s\000k\000\351\000\040\000r\000o\000z\000h\000r\000a\000n\000i\000e}{subsection.8}% 7
\BOOKMARK [3][]{subsubsection.16}{\376\377\000D\000o\000p\000l\000n\000k\000y}{subsection.8}% 8
\BOOKMARK [3][]{subsubsection.17}{\376\377\000V\000\375\000b\000e\000r\000\040\000n\000a\000j\000z\000n\000\341\000m\000e\000j\001\141\000\355\000c\000h\000\040\000i\000m\000p\000o\000r\000t\000o\000v}{subsection.8}% 9
\BOOKMARK [3][]{subsubsection.18}{\376\377\000C\000e\000n\000a}{subsection.8}% 10
\BOOKMARK [2][]{subsection.19}{\376\377\000F\000a\000c\000e\000b\000o\000o\000k\000\040\000W\000o\000r\000k\000p\000l\000a\000c\000e}{section.7}% 11
\BOOKMARK [3][]{subsubsection.21}{\376\377\000H\000i\000s\000t\000\363\000r\000i\000a}{subsection.19}% 12
\BOOKMARK [3][]{subsubsection.22}{\376\377\000P\000o\000u\001\176\000\355\000v\000a\000t\000e\001\076\000s\000k\000\351\000\040\000r\000o\000z\000h\000r\000a\000n\000i\000e}{subsection.19}% 13
\BOOKMARK [3][]{subsubsection.23}{\376\377\000C\000e\000n\000a}{subsection.19}% 14
\BOOKMARK [2][]{subsection.24}{\376\377\000M\000i\000c\000r\000o\000s\000o\000f\000t\000\040\000T\000e\000a\000m\000s}{section.7}% 15
\BOOKMARK [3][]{subsubsection.25}{\376\377\000H\000i\000s\000t\000\363\000r\000i\000a}{subsection.24}% 16
\BOOKMARK [3][]{subsubsection.27}{\376\377\000P\000o\000u\001\176\000\355\000v\000a\000t\000e\001\076\000s\000k\000\351\000\040\000r\000o\000z\000h\000r\000a\000n\000i\000e}{subsection.24}% 17
\BOOKMARK [3][]{subsubsection.28}{\376\377\000D\000o\000p\000l\000n\000k\000y}{subsection.24}% 18
\BOOKMARK [3][]{subsubsection.29}{\376\377\000C\000e\000n\000a}{subsection.24}% 19
\BOOKMARK [2][]{subsection.30}{\376\377\000T\000r\000e\000l\000l\000o}{section.7}% 20
\BOOKMARK [3][]{subsubsection.31}{\376\377\000K\000a\000n\000b\000a\000n\000s\000k\000\341\000\040\000n\000\341\000s\000t\000e\000n\000k\000a}{subsection.30}% 21
\BOOKMARK [3][]{subsubsection.33}{\376\377\000H\000i\000s\000t\000\363\000r\000i\000a}{subsection.30}% 22
\BOOKMARK [3][]{subsubsection.34}{\376\377\000P\000o\000u\001\176\000\355\000v\000a\000t\000e\001\076\000s\000k\000\351\000\040\000r\000o\000z\000h\000r\000a\000n\000i\000e}{subsection.30}% 23
\BOOKMARK [3][]{subsubsection.37}{\376\377\000D\000o\000p\000l\000n\000k\000y}{subsection.30}% 24
\BOOKMARK [3][]{subsubsection.38}{\376\377\000C\000e\000n\000a}{subsection.30}% 25
\BOOKMARK [2][]{subsection.39}{\376\377\000N\000e\000d\000o\000s\000t\000a\000t\000k\000y\000\040\000a\000p\000l\000i\000k\000\341\000c\000i\000i}{section.7}% 26
\BOOKMARK [1][]{section.40}{\376\377\000M\000o\001\176\000n\000\351\000\040\000t\000e\000c\000h\000n\000i\000c\000k\000\351\000\040\000p\000r\000o\000b\000l\000\351\000m\000y}{}% 27
\BOOKMARK [2][]{subsection.41}{\376\377\000P\000o\000u\001\176\000\355\000v\000a\000t\000e\001\076\000s\000k\000\351\000\040\000r\000o\000z\000h\000r\000a\000n\000i\000e}{section.40}% 28
\BOOKMARK [2][]{subsection.42}{\376\377\000P\000o\000u\001\176\000\355\000v\000a\000t\000e\001\076\000s\000k\000\351\000\040\000s\000k\000\372\000s\000e\000n\000o\000s\000t\000i}{section.40}% 29
\BOOKMARK [2][]{subsection.43}{\376\377\000V\000\375\000k\000o\000n}{section.40}% 30
\BOOKMARK [2][]{subsection.44}{\376\377\000S\000t\000r\000a\000t\000a\000\040\000p\000r\000i\000p\000o\000j\000e\000n\000i\000a\000\040\000n\000a\000\040\000i\000n\000t\000e\000r\000n\000e\000t}{section.40}% 31
\BOOKMARK [2][]{subsection.45}{\376\377\000B\000e\000z\000p\000e\001\015\000n\000o\000s\001\145}{section.40}% 32
\BOOKMARK [2][]{subsection.46}{\376\377\000Z\000h\000r\000n\000u\000t\000i\000e}{section.40}% 33
\BOOKMARK [1][]{section.47}{\376\377\000P\000o\000u\001\176\000i\000t\000\351\000\040\000t\000e\000c\000h\000n\000o\000l\000\363\000g\000i\000e}{}% 34
\BOOKMARK [2][]{subsection.48}{\376\377\000N\000o\000d\000e\000.\000j\000s}{section.47}% 35
\BOOKMARK [3][]{subsubsection.50}{\376\377\000H\000i\000s\000t\000\363\000r\000i\000a}{subsection.48}% 36
\BOOKMARK [3][]{subsubsection.51}{\376\377\000A\000r\000c\000h\000i\000t\000e\000k\000t\000\372\000r\000a\000\040\000N\000o\000d\000e\000.\000j\000s}{subsection.48}% 37
\BOOKMARK [3][]{subsubsection.53}{\376\377\000E\000v\000e\000n\000t\000\040\000l\000o\000o\000p}{subsection.48}% 38
\BOOKMARK [3][]{subsubsection.55}{\376\377\000N\000e\000v\000\375\000h\000o\000d\000y\000\040\000N\000o\000d\000e\000.\000j\000s}{subsection.48}% 39
\BOOKMARK [2][]{subsection.56}{\376\377\000N\000o\000d\000e\000\040\000P\000a\000c\000k\000a\000g\000e\000\040\000M\000a\000n\000a\000g\000e\000r}{section.47}% 40
\BOOKMARK [2][]{subsection.58}{\376\377\000I\000o\000n\000i\000c\000\040\000f\000r\000a\000m\000e\000w\000o\000r\000k}{section.47}% 41
\BOOKMARK [3][]{subsubsection.59}{\376\377\000S\000l\000u\001\176\000b\000y\000\040\000a\000\040\000v\000l\000a\000s\000t\000n\000o\000s\000t\000i}{subsection.58}% 42
\BOOKMARK [3][]{subsubsection.61}{\376\377\000I\000n\001\141\000t\000a\000l\000\341\000c\000i\000a}{subsection.58}% 43
\BOOKMARK [2][]{subsection.62}{\376\377\000A\000n\000g\000u\000l\000a\000r}{section.47}% 44
\BOOKMARK [3][]{subsubsection.63}{\376\377\000H\000i\000s\000t\000\363\000r\000i\000a}{subsection.62}% 45
\BOOKMARK [3][]{subsubsection.64}{\376\377\000A\000r\000c\000h\000i\000t\000e\000k\000t\000\372\000r\000a}{subsection.62}% 46
\BOOKMARK [3][]{subsubsection.66}{\376\377\000V\000\375\000h\000o\000d\000y\000\040\000A\000n\000g\000u\000l\000a\000r\000u}{subsection.62}% 47
\BOOKMARK [2][]{subsection.67}{\376\377\000E\000l\000e\000c\000t\000r\000o\000n}{section.47}% 48
\BOOKMARK [3][]{subsubsection.69}{\376\377\000A\000r\000c\000h\000i\000t\000e\000k\000\372\000r\000a}{subsection.67}% 49
\BOOKMARK [2][]{subsection.70}{\376\377\000A\000p\000a\000c\000h\000e\000\040\000C\000o\000u\000c\000h\000D\000B}{section.47}% 50
\BOOKMARK [3][]{subsubsection.72}{\376\377\000V\000\375\000h\000o\000d\000y\000\040\000p\000o\000u\001\176\000i\000t\000i\000a\000\040\000C\000o\000u\000c\000h\000D\000B}{subsection.70}% 51
\BOOKMARK [2][]{subsection.73}{\376\377\000P\000o\000u\000c\000h\000D\000B}{section.47}% 52
\BOOKMARK [1][]{section.75}{\376\377\000N\000\341\000v\000r\000h\000\040\000a\000p\000l\000i\000k\000\341\000c\000i\000e}{}% 53
\BOOKMARK [2][]{subsection.77}{\376\377\001\140\000p\000e\000c\000i\000f\000i\000k\000\341\000c\000i\000a\000\040\000p\000o\001\176\000i\000a\000d\000a\000v\000i\000e\000k}{section.75}% 54
\BOOKMARK [3][]{subsubsection.78}{\376\377\000P\000o\000u\001\176\000\355\000v\000a\000t\000e\001\076\000s\000k\000\351\000\040\000p\000o\001\176\000i\000a\000d\000a\000v\000k\000y}{subsection.77}% 55
\BOOKMARK [2][]{subsection.79}{\376\377\000D\000i\000a\000g\000r\000a\000m\000y}{section.75}% 56
\BOOKMARK [3][]{subsubsection.80}{\376\377\000D\000i\000a\000g\000r\000a\000m\000y\000\040\000p\000r\000\355\000p\000a\000d\000o\000v\000\040\000p\000o\000u\001\176\000i\000t\000i\000a}{subsection.79}% 57
\BOOKMARK [3][]{subsubsection.84}{\376\377\000S\000e\000k\000v\000e\000n\001\015\000n\000\351\000\040\000d\000i\000a\000g\000r\000a\000m\000y}{subsection.79}% 58
\BOOKMARK [2][]{subsection.87}{\376\377\000D\000a\000t\000a\000b\000\341\000z\000o\000v\000\375\000\040\000m\000o\000d\000e\000l\000\040\000C\000o\000u\000c\000h\000D\000B}{section.75}% 59
\BOOKMARK [1][]{section.96}{\376\377\000I\000m\000p\000l\000e\000m\000e\000n\000t\000\341\000c\000i\000a\000\040\000a\000p\000l\000i\000k\000\341\000c\000i\000e}{}% 60
\BOOKMARK [2][]{subsection.97}{\376\377\000P\000r\000i\000h\000l\000a\000s\000o\000v\000a\000n\000i\000e\000\040\000a\000\040\000r\000e\000g\000i\000s\000t\000r\000\341\000c\000i\000a}{section.96}% 61
\BOOKMARK [2][]{subsection.103}{\376\377\000S\000t\000r\000\341\000n\000k\000a\000\040\000p\000r\000i\000h\000l\000\341\000s\000e\000n\000\351\000h\000o\000\040\000p\000o\000u\001\176\000\355\000v\000a\000t\000e\001\076\000a}{section.96}% 62
\BOOKMARK [2][]{subsection.108}{\376\377\000S\000t\000r\000\341\000n\000k\000a\000\040\000v\000y\000b\000r\000e\000n\000\351\000h\000o\000\040\000t\000\355\000m\000u}{section.96}% 63
\BOOKMARK [2][]{subsection.110}{\376\377\000C\000h\000a\000t}{section.96}% 64
\BOOKMARK [2][]{subsection.111}{\376\377\000D\000i\000z\000a\000j\000n\000\040\000a\000p\000l\000i\000k\000\341\000c\000i\000e\000\040\000a\000\040\000o\000d\000s\000t\000r\000\341\000n\000e\000n\000i\000e\000\040\000p\000r\000o\000b\000l\000\351\000m\000o\000v}{section.96}% 65
\BOOKMARK [2][]{subsection.112}{\376\377\000E\000x\000p\000o\000r\000t\000\040\000n\000a\000\040\000d\000e\000s\000k\000t\000o\000p\000o\000v\000\372\000\040\000a\000p\000l\000i\000k\000\341\000c\000i\000u\000\040\000p\000o\000u\001\176\000i\000t\000\355\000m\000\040\000E\000l\000e\000c\000t\000r\000o\000n\000u}{section.96}% 66
\BOOKMARK [1][]{section*.113}{\376\377\000Z\000\341\000v\000e\000r}{}% 67
\BOOKMARK [1][]{section*.114}{\376\377\000Z\000o\000z\000n\000a\000m\000\040\000p\000o\000u\001\176\000i\000t\000e\000j\000\040\000l\000i\000t\000e\000r\000a\000t\000\372\000r\000y}{}% 68
\BOOKMARK [1][]{section*.115}{\376\377\000P\000r\000\355\000l\000o\000h\000y}{}% 69
\BOOKMARK [1][]{section.117}{\376\377\000N\000\341\000h\001\076\000a\000d\000\040\000d\000i\000z\000a\000j\000n\000u\000\040\000C\000o\000-\000l\000a\000b\000\040\000a\000p\000l\000i\000k\000\341\000c\000i\000e}{}% 70
