\BOOKMARK [1][]{section*.2}{\376\377\000\332\000v\000o\000d}{}% 1
\BOOKMARK [1][]{section.3}{\376\377\000C\000o\000-\000w\000o\000r\000k\000i\000n\000g}{}% 2
\BOOKMARK [2][]{subsection.5}{\376\377\000H\000i\000s\000t\000\363\000r\000i\000a\000\040\000c\000o\000-\000w\000o\000r\000k\000i\000n\000g\000u}{section.3}% 3
\BOOKMARK [1][]{section.6}{\376\377\000C\000o\000-\000w\000o\000r\000k\000i\000n\000g\000\040\000a\000p\000l\000i\000k\000\341\000c\000i\000e}{}% 4
\BOOKMARK [2][]{subsection.7}{\376\377\000S\000l\000a\000c\000k}{section.6}% 5
\BOOKMARK [3][]{subsubsection.8}{\376\377\000H\000i\000s\000t\000\363\000r\000i\000a}{subsection.7}% 6
\BOOKMARK [3][]{subsubsection.9}{\376\377\000P\000o\000u\001\176\000\355\000v\000a\000t\000e\001\076\000s\000k\000\351\000\040\000r\000o\000z\000h\000r\000a\000n\000i\000e}{subsection.7}% 7
\BOOKMARK [3][]{subsubsection.15}{\376\377\000D\000o\000p\000l\000n\000k\000y}{subsection.7}% 8
\BOOKMARK [3][]{subsubsection.16}{\376\377\000V\000\375\000b\000e\000r\000\040\000n\000a\000j\000z\000n\000\341\000m\000e\000j\001\141\000\355\000c\000h\000\040\000i\000m\000p\000o\000r\000t\000o\000v}{subsection.7}% 9
\BOOKMARK [3][]{subsubsection.17}{\376\377\000C\000e\000n\000a}{subsection.7}% 10
\BOOKMARK [2][]{subsection.18}{\376\377\000F\000a\000c\000e\000b\000o\000o\000k\000\040\000W\000o\000r\000k\000p\000l\000a\000c\000e}{section.6}% 11
\BOOKMARK [3][]{subsubsection.20}{\376\377\000H\000i\000s\000t\000\363\000r\000i\000a}{subsection.18}% 12
\BOOKMARK [3][]{subsubsection.21}{\376\377\000P\000o\000u\001\176\000\355\000v\000a\000t\000e\001\076\000s\000k\000\351\000\040\000r\000o\000z\000h\000r\000a\000n\000i\000e}{subsection.18}% 13
\BOOKMARK [3][]{subsubsection.22}{\376\377\000C\000e\000n\000a}{subsection.18}% 14
\BOOKMARK [2][]{subsection.23}{\376\377\000M\000i\000c\000r\000o\000s\000o\000f\000t\000\040\000T\000e\000a\000m\000s}{section.6}% 15
\BOOKMARK [3][]{subsubsection.24}{\376\377\000H\000i\000s\000t\000\363\000r\000i\000a}{subsection.23}% 16
\BOOKMARK [3][]{subsubsection.26}{\376\377\000P\000o\000u\001\176\000\355\000v\000a\000t\000e\001\076\000s\000k\000\351\000\040\000r\000o\000z\000h\000r\000a\000n\000i\000e}{subsection.23}% 17
\BOOKMARK [3][]{subsubsection.27}{\376\377\000D\000o\000p\000l\000n\000k\000y}{subsection.23}% 18
\BOOKMARK [3][]{subsubsection.28}{\376\377\000C\000e\000n\000a}{subsection.23}% 19
\BOOKMARK [2][]{subsection.29}{\376\377\000T\000r\000e\000l\000l\000o}{section.6}% 20
\BOOKMARK [3][]{subsubsection.30}{\376\377\000K\000a\000n\000b\000a\000n\000s\000k\000\341\000\040\000n\000\341\000s\000t\000e\000n\000k\000a}{subsection.29}% 21
\BOOKMARK [3][]{subsubsection.32}{\376\377\000H\000i\000s\000t\000\363\000r\000i\000a}{subsection.29}% 22
\BOOKMARK [3][]{subsubsection.33}{\376\377\000P\000o\000u\001\176\000\355\000v\000a\000t\000e\001\076\000s\000k\000\351\000\040\000r\000o\000z\000h\000r\000a\000n\000i\000e}{subsection.29}% 23
\BOOKMARK [3][]{subsubsection.36}{\376\377\000D\000o\000p\000l\000n\000k\000y}{subsection.29}% 24
\BOOKMARK [3][]{subsubsection.37}{\376\377\000C\000e\000n\000a}{subsection.29}% 25
\BOOKMARK [2][]{subsection.38}{\376\377\000N\000e\000d\000o\000s\000t\000a\000t\000k\000y\000\040\000a\000p\000l\000i\000k\000\341\000c\000i\000i}{section.6}% 26
\BOOKMARK [1][]{section.39}{\376\377\000M\000o\001\176\000n\000\351\000\040\000t\000e\000c\000h\000n\000i\000c\000k\000\351\000\040\000p\000r\000o\000b\000l\000\351\000m\000y}{}% 27
\BOOKMARK [2][]{subsection.40}{\376\377\000P\000o\000u\001\176\000\355\000v\000a\000t\000e\001\076\000s\000k\000\351\000\040\000r\000o\000z\000h\000r\000a\000n\000i\000e}{section.39}% 28
\BOOKMARK [2][]{subsection.41}{\376\377\000P\000o\000u\001\176\000\355\000v\000a\000t\000e\001\076\000s\000k\000\351\000\040\000s\000k\000\372\000s\000e\000n\000o\000s\000t\000i}{section.39}% 29
\BOOKMARK [2][]{subsection.42}{\376\377\000V\000\375\000k\000o\000n}{section.39}% 30
\BOOKMARK [2][]{subsection.43}{\376\377\000S\000t\000r\000a\000t\000a\000\040\000p\000r\000i\000p\000o\000j\000e\000n\000i\000a\000\040\000n\000a\000\040\000i\000n\000t\000e\000r\000n\000e\000t}{section.39}% 31
\BOOKMARK [2][]{subsection.44}{\376\377\000B\000e\000z\000p\000e\001\015\000n\000o\000s\001\145}{section.39}% 32
\BOOKMARK [2][]{subsection.45}{\376\377\000Z\000h\000r\000n\000u\000t\000i\000e}{section.39}% 33
\BOOKMARK [1][]{section.46}{\376\377\000P\000o\000u\001\176\000i\000t\000\351\000\040\000t\000e\000c\000h\000n\000o\000l\000\363\000g\000i\000e}{}% 34
\BOOKMARK [1][]{section.47}{\376\377\000N\000\341\000v\000r\000h\000\040\000a\000p\000l\000i\000k\000\341\000c\000i\000e}{}% 35
\BOOKMARK [2][]{subsection.49}{\376\377\001\140\000p\000e\000c\000i\000f\000i\000k\000\341\000c\000i\000a\000\040\000p\000o\001\176\000i\000a\000d\000a\000v\000i\000e\000k}{section.47}% 36
\BOOKMARK [3][]{subsubsection.50}{\376\377\000P\000o\000u\001\176\000\355\000v\000a\000t\000e\001\076\000s\000k\000\351\000\040\000p\000o\001\176\000i\000a\000d\000a\000v\000k\000y}{subsection.49}% 37
\BOOKMARK [2][]{subsection.51}{\376\377\000D\000i\000a\000g\000r\000a\000m\000y}{section.47}% 38
\BOOKMARK [3][]{subsubsection.52}{\376\377\000D\000i\000a\000g\000r\000a\000m\000y\000\040\000p\000r\000\355\000p\000a\000d\000o\000v\000\040\000p\000o\000u\001\176\000i\000t\000i\000a}{subsection.51}% 39
\BOOKMARK [3][]{subsubsection.56}{\376\377\000S\000e\000k\000v\000e\000n\001\015\000n\000\351\000\040\000d\000i\000a\000g\000r\000a\000m\000y}{subsection.51}% 40
\BOOKMARK [2][]{subsection.57}{\376\377\000D\000a\000t\000a\000b\000\341\000z\000o\000v\000\375\000\040\000m\000o\000d\000e\000l\000\040\000C\000o\000u\000c\000h\000D\000B}{section.47}% 41
\BOOKMARK [1][]{section*.58}{\376\377\000Z\000\341\000v\000e\000r}{}% 42
\BOOKMARK [1][]{section*.59}{\376\377\000Z\000o\000z\000n\000a\000m\000\040\000p\000o\000u\001\176\000i\000t\000e\000j\000\040\000l\000i\000t\000e\000r\000a\000t\000\372\000r\000y}{}% 43
\BOOKMARK [1][]{section*.60}{\376\377\000P\000r\000\355\000l\000o\000h\000y}{}% 44
\BOOKMARK [1][]{section.62}{\376\377\001\140\000t\000r\000u\000k\000t\000\372\000r\000a\000\040\000e\000l\000e\000k\000t\000r\000o\000n\000i\000c\000k\000\351\000h\000o\000\040\000n\000o\000s\000i\001\015\000a}{}% 45
